app/build/intermediates/manifest_merge_blame_file/debug/processDebugMainManifest/manifest-merger-blame-debug-report.txt
1<?xml version="1.0" encoding="utf-8"?>
2<manifest xmlns:android="http://schemas.android.com/apk/res/android"
3    package="com.example.photowallpaper"
4    android:versionCode="1"
5    android:versionName="1.0" >
6
7    <uses-sdk
8        android:minSdkVersion="26"
9        android:targetSdkVersion="35" />
10
11    <uses-permission android:name="android.permission.INTERNET" />
11-->src/main/AndroidManifest.xml:4:5-67
11-->src/main/AndroidManifest.xml:4:22-64
12    <uses-permission android:name="android.permission.SET_WALLPAPER" />
12-->src/main/AndroidManifest.xml:5:5-72
12-->src/main/AndroidManifest.xml:5:22-69
13
14    <queries>
14-->src/main/AndroidManifest.xml:7:5-9:15
15        <package android:name="com.google.android.gms" />
15-->src/main/AndroidManifest.xml:8:9-58
15-->src/main/AndroidManifest.xml:8:18-55
16    </queries>
17    <!-- For allowlist service -->
18    <uses-permission android:name="android.permission.ACCESS_NETWORK_STATE" />
18-->[com.google.mlkit:vision-internal-vkp:18.2.3] AndroidManifest.xml:7:5-79
18-->[com.google.mlkit:vision-internal-vkp:18.2.3] AndroidManifest.xml:7:22-76
19    <uses-permission android:name="android.permission.WAKE_LOCK" />
19-->[androidx.work:work-runtime:2.10.0] AndroidManifest.xml:23:5-68
19-->[androidx.work:work-runtime:2.10.0] AndroidManifest.xml:23:22-65
20    <uses-permission android:name="android.permission.RECEIVE_BOOT_COMPLETED" />
20-->[androidx.work:work-runtime:2.10.0] AndroidManifest.xml:25:5-81
20-->[androidx.work:work-runtime:2.10.0] AndroidManifest.xml:25:22-78
21    <uses-permission android:name="android.permission.FOREGROUND_SERVICE" />
21-->[androidx.work:work-runtime:2.10.0] AndroidManifest.xml:26:5-77
21-->[androidx.work:work-runtime:2.10.0] AndroidManifest.xml:26:22-74
22
23    <permission
23-->[androidx.core:core:1.15.0] AndroidManifest.xml:22:5-24:47
24        android:name="com.example.photowallpaper.DYNAMIC_RECEIVER_NOT_EXPORTED_PERMISSION"
24-->[androidx.core:core:1.15.0] AndroidManifest.xml:23:9-81
25        android:protectionLevel="signature" />
25-->[androidx.core:core:1.15.0] AndroidManifest.xml:24:9-44
26
27    <uses-permission android:name="com.example.photowallpaper.DYNAMIC_RECEIVER_NOT_EXPORTED_PERMISSION" />
27-->[androidx.core:core:1.15.0] AndroidManifest.xml:26:5-97
27-->[androidx.core:core:1.15.0] AndroidManifest.xml:26:22-94
28
29    <application
29-->src/main/AndroidManifest.xml:11:5-28:19
30        android:name="com.example.photowallpaper.PhotoWallpaperApp"
30-->src/main/AndroidManifest.xml:12:9-42
31        android:allowBackup="true"
31-->src/main/AndroidManifest.xml:13:9-35
32        android:appComponentFactory="androidx.core.app.CoreComponentFactory"
32-->[androidx.core:core:1.15.0] AndroidManifest.xml:28:18-86
33        android:debuggable="true"
34        android:extractNativeLibs="false"
35        android:icon="@mipmap/ic_launcher"
35-->src/main/AndroidManifest.xml:14:9-43
36        android:label="@string/app_name"
36-->src/main/AndroidManifest.xml:15:9-41
37        android:supportsRtl="true"
37-->src/main/AndroidManifest.xml:16:9-35
38        android:testOnly="true"
39        android:theme="@style/Theme.PhotoWallpaper" >
39-->src/main/AndroidManifest.xml:17:9-52
40        <activity
40-->src/main/AndroidManifest.xml:19:9-27:20
41            android:name="com.example.photowallpaper.MainActivity"
41-->src/main/AndroidManifest.xml:20:13-41
42            android:exported="true"
42-->src/main/AndroidManifest.xml:21:13-36
43            android:theme="@style/Theme.PhotoWallpaper" >
43-->src/main/AndroidManifest.xml:22:13-56
44            <intent-filter>
44-->src/main/AndroidManifest.xml:23:13-26:29
45                <action android:name="android.intent.action.MAIN" />
45-->src/main/AndroidManifest.xml:24:17-69
45-->src/main/AndroidManifest.xml:24:25-66
46
47                <category android:name="android.intent.category.LAUNCHER" />
47-->src/main/AndroidManifest.xml:25:17-77
47-->src/main/AndroidManifest.xml:25:27-74
48            </intent-filter>
49        </activity>
50        <activity
50-->[com.google.android.gms:play-services-auth:21.3.0] AndroidManifest.xml:23:9-27:75
51            android:name="com.google.android.gms.auth.api.signin.internal.SignInHubActivity"
51-->[com.google.android.gms:play-services-auth:21.3.0] AndroidManifest.xml:24:13-93
52            android:excludeFromRecents="true"
52-->[com.google.android.gms:play-services-auth:21.3.0] AndroidManifest.xml:25:13-46
53            android:exported="false"
53-->[com.google.android.gms:play-services-auth:21.3.0] AndroidManifest.xml:26:13-37
54            android:theme="@android:style/Theme.Translucent.NoTitleBar" />
54-->[com.google.android.gms:play-services-auth:21.3.0] AndroidManifest.xml:27:13-72
55        <!--
56            Service handling Google Sign-In user revocation. For apps that do not integrate with
57            Google Sign-In, this service will never be started.
58        -->
59        <service
59-->[com.google.android.gms:play-services-auth:21.3.0] AndroidManifest.xml:33:9-37:51
60            android:name="com.google.android.gms.auth.api.signin.RevocationBoundService"
60-->[com.google.android.gms:play-services-auth:21.3.0] AndroidManifest.xml:34:13-89
61            android:exported="true"
61-->[com.google.android.gms:play-services-auth:21.3.0] AndroidManifest.xml:35:13-36
62            android:permission="com.google.android.gms.auth.api.signin.permission.REVOCATION_NOTIFICATION"
62-->[com.google.android.gms:play-services-auth:21.3.0] AndroidManifest.xml:36:13-107
63            android:visibleToInstantApps="true" />
63-->[com.google.android.gms:play-services-auth:21.3.0] AndroidManifest.xml:37:13-48
64        <service
64-->[com.google.mlkit:image-labeling:17.0.9] AndroidManifest.xml:8:9-14:19
65            android:name="com.google.mlkit.common.internal.MlKitComponentDiscoveryService"
65-->[com.google.mlkit:image-labeling:17.0.9] AndroidManifest.xml:9:13-91
66            android:directBootAware="true"
66-->[com.google.mlkit:common:18.11.0] AndroidManifest.xml:17:13-43
67            android:exported="false" >
67-->[com.google.mlkit:image-labeling:17.0.9] AndroidManifest.xml:10:13-37
68            <meta-data
68-->[com.google.mlkit:image-labeling:17.0.9] AndroidManifest.xml:11:13-13:85
69                android:name="com.google.firebase.components:com.google.mlkit.vision.label.defaults.internal.BundledLabelRegistrar"
69-->[com.google.mlkit:image-labeling:17.0.9] AndroidManifest.xml:12:17-132
70                android:value="com.google.firebase.components.ComponentRegistrar" />
70-->[com.google.mlkit:image-labeling:17.0.9] AndroidManifest.xml:13:17-82
71            <meta-data
71-->[com.google.mlkit:vision-internal-vkp:18.2.3] AndroidManifest.xml:14:13-16:85
72                android:name="com.google.firebase.components:com.google.mlkit.vision.vkp.VkpRegistrar"
72-->[com.google.mlkit:vision-internal-vkp:18.2.3] AndroidManifest.xml:15:17-103
73                android:value="com.google.firebase.components.ComponentRegistrar" />
73-->[com.google.mlkit:vision-internal-vkp:18.2.3] AndroidManifest.xml:16:17-82
74            <meta-data
74-->[com.google.mlkit:vision-common:17.3.0] AndroidManifest.xml:12:13-14:85
75                android:name="com.google.firebase.components:com.google.mlkit.vision.common.internal.VisionCommonRegistrar"
75-->[com.google.mlkit:vision-common:17.3.0] AndroidManifest.xml:13:17-124
76                android:value="com.google.firebase.components.ComponentRegistrar" />
76-->[com.google.mlkit:vision-common:17.3.0] AndroidManifest.xml:14:17-82
77            <meta-data
77-->[com.google.mlkit:common:18.11.0] AndroidManifest.xml:20:13-22:85
78                android:name="com.google.firebase.components:com.google.mlkit.common.internal.CommonComponentRegistrar"
78-->[com.google.mlkit:common:18.11.0] AndroidManifest.xml:21:17-120
79                android:value="com.google.firebase.components.ComponentRegistrar" />
79-->[com.google.mlkit:common:18.11.0] AndroidManifest.xml:22:17-82
80        </service>
81
82        <provider
82-->[com.google.mlkit:common:18.11.0] AndroidManifest.xml:9:9-13:38
83            android:name="com.google.mlkit.common.internal.MlKitInitProvider"
83-->[com.google.mlkit:common:18.11.0] AndroidManifest.xml:10:13-78
84            android:authorities="com.example.photowallpaper.mlkitinitprovider"
84-->[com.google.mlkit:common:18.11.0] AndroidManifest.xml:11:13-69
85            android:exported="false"
85-->[com.google.mlkit:common:18.11.0] AndroidManifest.xml:12:13-37
86            android:initOrder="99" />
86-->[com.google.mlkit:common:18.11.0] AndroidManifest.xml:13:13-35
87
88        <activity
88-->[com.google.android.gms:play-services-base:18.5.0] AndroidManifest.xml:5:9-173
89            android:name="com.google.android.gms.common.api.GoogleApiActivity"
89-->[com.google.android.gms:play-services-base:18.5.0] AndroidManifest.xml:5:19-85
90            android:exported="false"
90-->[com.google.android.gms:play-services-base:18.5.0] AndroidManifest.xml:5:146-170
91            android:theme="@android:style/Theme.Translucent.NoTitleBar" />
91-->[com.google.android.gms:play-services-base:18.5.0] AndroidManifest.xml:5:86-145
92
93        <meta-data
93-->[com.google.android.gms:play-services-basement:18.4.0] AndroidManifest.xml:6:9-122
94            android:name="com.google.android.gms.version"
94-->[com.google.android.gms:play-services-basement:18.4.0] AndroidManifest.xml:6:20-65
95            android:value="@integer/google_play_services_version" />
95-->[com.google.android.gms:play-services-basement:18.4.0] AndroidManifest.xml:6:66-119
96
97        <provider
97-->[androidx.work:work-runtime:2.10.0] AndroidManifest.xml:29:9-37:20
98            android:name="androidx.startup.InitializationProvider"
98-->[androidx.work:work-runtime:2.10.0] AndroidManifest.xml:30:13-67
99            android:authorities="com.example.photowallpaper.androidx-startup"
99-->[androidx.work:work-runtime:2.10.0] AndroidManifest.xml:31:13-68
100            android:exported="false" >
100-->[androidx.work:work-runtime:2.10.0] AndroidManifest.xml:32:13-37
101            <meta-data
101-->[androidx.work:work-runtime:2.10.0] AndroidManifest.xml:34:13-36:52
102                android:name="androidx.work.WorkManagerInitializer"
102-->[androidx.work:work-runtime:2.10.0] AndroidManifest.xml:35:17-68
103                android:value="androidx.startup" />
103-->[androidx.work:work-runtime:2.10.0] AndroidManifest.xml:36:17-49
104            <meta-data
104-->[androidx.emoji2:emoji2:1.3.0] AndroidManifest.xml:29:13-31:52
105                android:name="androidx.emoji2.text.EmojiCompatInitializer"
105-->[androidx.emoji2:emoji2:1.3.0] AndroidManifest.xml:30:17-75
106                android:value="androidx.startup" />
106-->[androidx.emoji2:emoji2:1.3.0] AndroidManifest.xml:31:17-49
107            <meta-data
107-->[androidx.lifecycle:lifecycle-process:2.8.7] AndroidManifest.xml:29:13-31:52
108                android:name="androidx.lifecycle.ProcessLifecycleInitializer"
108-->[androidx.lifecycle:lifecycle-process:2.8.7] AndroidManifest.xml:30:17-78
109                android:value="androidx.startup" />
109-->[androidx.lifecycle:lifecycle-process:2.8.7] AndroidManifest.xml:31:17-49
110            <meta-data
110-->[androidx.profileinstaller:profileinstaller:1.3.1] AndroidManifest.xml:29:13-31:52
111                android:name="androidx.profileinstaller.ProfileInstallerInitializer"
111-->[androidx.profileinstaller:profileinstaller:1.3.1] AndroidManifest.xml:30:17-85
112                android:value="androidx.startup" />
112-->[androidx.profileinstaller:profileinstaller:1.3.1] AndroidManifest.xml:31:17-49
113        </provider>
114
115        <service
115-->[androidx.work:work-runtime:2.10.0] AndroidManifest.xml:39:9-45:35
116            android:name="androidx.work.impl.background.systemalarm.SystemAlarmService"
116-->[androidx.work:work-runtime:2.10.0] AndroidManifest.xml:40:13-88
117            android:directBootAware="false"
117-->[androidx.work:work-runtime:2.10.0] AndroidManifest.xml:41:13-44
118            android:enabled="@bool/enable_system_alarm_service_default"
118-->[androidx.work:work-runtime:2.10.0] AndroidManifest.xml:42:13-72
119            android:exported="false" />
119-->[androidx.work:work-runtime:2.10.0] AndroidManifest.xml:43:13-37
120        <service
120-->[androidx.work:work-runtime:2.10.0] AndroidManifest.xml:46:9-52:35
121            android:name="androidx.work.impl.background.systemjob.SystemJobService"
121-->[androidx.work:work-runtime:2.10.0] AndroidManifest.xml:47:13-84
122            android:directBootAware="false"
122-->[androidx.work:work-runtime:2.10.0] AndroidManifest.xml:48:13-44
123            android:enabled="@bool/enable_system_job_service_default"
123-->[androidx.work:work-runtime:2.10.0] AndroidManifest.xml:49:13-70
124            android:exported="true"
124-->[androidx.work:work-runtime:2.10.0] AndroidManifest.xml:50:13-36
125            android:permission="android.permission.BIND_JOB_SERVICE" />
125-->[androidx.work:work-runtime:2.10.0] AndroidManifest.xml:51:13-69
126        <service
126-->[androidx.work:work-runtime:2.10.0] AndroidManifest.xml:53:9-59:35
127            android:name="androidx.work.impl.foreground.SystemForegroundService"
127-->[androidx.work:work-runtime:2.10.0] AndroidManifest.xml:54:13-81
128            android:directBootAware="false"
128-->[androidx.work:work-runtime:2.10.0] AndroidManifest.xml:55:13-44
129            android:enabled="@bool/enable_system_foreground_service_default"
129-->[androidx.work:work-runtime:2.10.0] AndroidManifest.xml:56:13-77
130            android:exported="false" />
130-->[androidx.work:work-runtime:2.10.0] AndroidManifest.xml:57:13-37
131
132        <receiver
132-->[androidx.work:work-runtime:2.10.0] AndroidManifest.xml:61:9-66:35
133            android:name="androidx.work.impl.utils.ForceStopRunnable$BroadcastReceiver"
133-->[androidx.work:work-runtime:2.10.0] AndroidManifest.xml:62:13-88
134            android:directBootAware="false"
134-->[androidx.work:work-runtime:2.10.0] AndroidManifest.xml:63:13-44
135            android:enabled="true"
135-->[androidx.work:work-runtime:2.10.0] AndroidManifest.xml:64:13-35
136            android:exported="false" />
136-->[androidx.work:work-runtime:2.10.0] AndroidManifest.xml:65:13-37
137        <receiver
137-->[androidx.work:work-runtime:2.10.0] AndroidManifest.xml:67:9-77:20
138            android:name="androidx.work.impl.background.systemalarm.ConstraintProxy$BatteryChargingProxy"
138-->[androidx.work:work-runtime:2.10.0] AndroidManifest.xml:68:13-106
139            android:directBootAware="false"
139-->[androidx.work:work-runtime:2.10.0] AndroidManifest.xml:69:13-44
140            android:enabled="false"
140-->[androidx.work:work-runtime:2.10.0] AndroidManifest.xml:70:13-36
141            android:exported="false" >
141-->[androidx.work:work-runtime:2.10.0] AndroidManifest.xml:71:13-37
142            <intent-filter>
142-->[androidx.work:work-runtime:2.10.0] AndroidManifest.xml:73:13-76:29
143                <action android:name="android.intent.action.ACTION_POWER_CONNECTED" />
143-->[androidx.work:work-runtime:2.10.0] AndroidManifest.xml:74:17-87
143-->[androidx.work:work-runtime:2.10.0] AndroidManifest.xml:74:25-84
144                <action android:name="android.intent.action.ACTION_POWER_DISCONNECTED" />
144-->[androidx.work:work-runtime:2.10.0] AndroidManifest.xml:75:17-90
144-->[androidx.work:work-runtime:2.10.0] AndroidManifest.xml:75:25-87
145            </intent-filter>
146        </receiver>
147        <receiver
147-->[androidx.work:work-runtime:2.10.0] AndroidManifest.xml:78:9-88:20
148            android:name="androidx.work.impl.background.systemalarm.ConstraintProxy$BatteryNotLowProxy"
148-->[androidx.work:work-runtime:2.10.0] AndroidManifest.xml:79:13-104
149            android:directBootAware="false"
149-->[androidx.work:work-runtime:2.10.0] AndroidManifest.xml:80:13-44
150            android:enabled="false"
150-->[androidx.work:work-runtime:2.10.0] AndroidManifest.xml:81:13-36
151            android:exported="false" >
151-->[androidx.work:work-runtime:2.10.0] AndroidManifest.xml:82:13-37
152            <intent-filter>
152-->[androidx.work:work-runtime:2.10.0] AndroidManifest.xml:84:13-87:29
153                <action android:name="android.intent.action.BATTERY_OKAY" />
153-->[androidx.work:work-runtime:2.10.0] AndroidManifest.xml:85:17-77
153-->[androidx.work:work-runtime:2.10.0] AndroidManifest.xml:85:25-74
154                <action android:name="android.intent.action.BATTERY_LOW" />
154-->[androidx.work:work-runtime:2.10.0] AndroidManifest.xml:86:17-76
154-->[androidx.work:work-runtime:2.10.0] AndroidManifest.xml:86:25-73
155            </intent-filter>
156        </receiver>
157        <receiver
157-->[androidx.work:work-runtime:2.10.0] AndroidManifest.xml:89:9-99:20
158            android:name="androidx.work.impl.background.systemalarm.ConstraintProxy$StorageNotLowProxy"
158-->[androidx.work:work-runtime:2.10.0] AndroidManifest.xml:90:13-104
159            android:directBootAware="false"
159-->[androidx.work:work-runtime:2.10.0] AndroidManifest.xml:91:13-44
160            android:enabled="false"
160-->[androidx.work:work-runtime:2.10.0] AndroidManifest.xml:92:13-36
161            android:exported="false" >
161-->[androidx.work:work-runtime:2.10.0] AndroidManifest.xml:93:13-37
162            <intent-filter>
162-->[androidx.work:work-runtime:2.10.0] AndroidManifest.xml:95:13-98:29
163                <action android:name="android.intent.action.DEVICE_STORAGE_LOW" />
163-->[androidx.work:work-runtime:2.10.0] AndroidManifest.xml:96:17-83
163-->[androidx.work:work-runtime:2.10.0] AndroidManifest.xml:96:25-80
164                <action android:name="android.intent.action.DEVICE_STORAGE_OK" />
164-->[androidx.work:work-runtime:2.10.0] AndroidManifest.xml:97:17-82
164-->[androidx.work:work-runtime:2.10.0] AndroidManifest.xml:97:25-79
165            </intent-filter>
166        </receiver>
167        <receiver
167-->[androidx.work:work-runtime:2.10.0] AndroidManifest.xml:100:9-109:20
168            android:name="androidx.work.impl.background.systemalarm.ConstraintProxy$NetworkStateProxy"
168-->[androidx.work:work-runtime:2.10.0] AndroidManifest.xml:101:13-103
169            android:directBootAware="false"
169-->[androidx.work:work-runtime:2.10.0] AndroidManifest.xml:102:13-44
170            android:enabled="false"
170-->[androidx.work:work-runtime:2.10.0] AndroidManifest.xml:103:13-36
171            android:exported="false" >
171-->[androidx.work:work-runtime:2.10.0] AndroidManifest.xml:104:13-37
172            <intent-filter>
172-->[androidx.work:work-runtime:2.10.0] AndroidManifest.xml:106:13-108:29
173                <action android:name="android.net.conn.CONNECTIVITY_CHANGE" />
173-->[androidx.work:work-runtime:2.10.0] AndroidManifest.xml:107:17-79
173-->[androidx.work:work-runtime:2.10.0] AndroidManifest.xml:107:25-76
174            </intent-filter>
175        </receiver>
176        <receiver
176-->[androidx.work:work-runtime:2.10.0] AndroidManifest.xml:110:9-121:20
177            android:name="androidx.work.impl.background.systemalarm.RescheduleReceiver"
177-->[androidx.work:work-runtime:2.10.0] AndroidManifest.xml:111:13-88
178            android:directBootAware="false"
178-->[androidx.work:work-runtime:2.10.0] AndroidManifest.xml:112:13-44
179            android:enabled="false"
179-->[androidx.work:work-runtime:2.10.0] AndroidManifest.xml:113:13-36
180            android:exported="false" >
180-->[androidx.work:work-runtime:2.10.0] AndroidManifest.xml:114:13-37
181            <intent-filter>
181-->[androidx.work:work-runtime:2.10.0] AndroidManifest.xml:116:13-120:29
182                <action android:name="android.intent.action.BOOT_COMPLETED" />
182-->[androidx.work:work-runtime:2.10.0] AndroidManifest.xml:117:17-79
182-->[androidx.work:work-runtime:2.10.0] AndroidManifest.xml:117:25-76
183                <action android:name="android.intent.action.TIME_SET" />
183-->[androidx.work:work-runtime:2.10.0] AndroidManifest.xml:118:17-73
183-->[androidx.work:work-runtime:2.10.0] AndroidManifest.xml:118:25-70
184                <action android:name="android.intent.action.TIMEZONE_CHANGED" />
184-->[androidx.work:work-runtime:2.10.0] AndroidManifest.xml:119:17-81
184-->[androidx.work:work-runtime:2.10.0] AndroidManifest.xml:119:25-78
185            </intent-filter>
186        </receiver>
187        <receiver
187-->[androidx.work:work-runtime:2.10.0] AndroidManifest.xml:122:9-131:20
188            android:name="androidx.work.impl.background.systemalarm.ConstraintProxyUpdateReceiver"
188-->[androidx.work:work-runtime:2.10.0] AndroidManifest.xml:123:13-99
189            android:directBootAware="false"
189-->[androidx.work:work-runtime:2.10.0] AndroidManifest.xml:124:13-44
190            android:enabled="@bool/enable_system_alarm_service_default"
190-->[androidx.work:work-runtime:2.10.0] AndroidManifest.xml:125:13-72
191            android:exported="false" >
191-->[androidx.work:work-runtime:2.10.0] AndroidManifest.xml:126:13-37
192            <intent-filter>
192-->[androidx.work:work-runtime:2.10.0] AndroidManifest.xml:128:13-130:29
193                <action android:name="androidx.work.impl.background.systemalarm.UpdateProxies" />
193-->[androidx.work:work-runtime:2.10.0] AndroidManifest.xml:129:17-98
193-->[androidx.work:work-runtime:2.10.0] AndroidManifest.xml:129:25-95
194            </intent-filter>
195        </receiver>
196        <receiver
196-->[androidx.work:work-runtime:2.10.0] AndroidManifest.xml:132:9-142:20
197            android:name="androidx.work.impl.diagnostics.DiagnosticsReceiver"
197-->[androidx.work:work-runtime:2.10.0] AndroidManifest.xml:133:13-78
198            android:directBootAware="false"
198-->[androidx.work:work-runtime:2.10.0] AndroidManifest.xml:134:13-44
199            android:enabled="true"
199-->[androidx.work:work-runtime:2.10.0] AndroidManifest.xml:135:13-35
200            android:exported="true"
200-->[androidx.work:work-runtime:2.10.0] AndroidManifest.xml:136:13-36
201            android:permission="android.permission.DUMP" >
201-->[androidx.work:work-runtime:2.10.0] AndroidManifest.xml:137:13-57
202            <intent-filter>
202-->[androidx.work:work-runtime:2.10.0] AndroidManifest.xml:139:13-141:29
203                <action android:name="androidx.work.diagnostics.REQUEST_DIAGNOSTICS" />
203-->[androidx.work:work-runtime:2.10.0] AndroidManifest.xml:140:17-88
203-->[androidx.work:work-runtime:2.10.0] AndroidManifest.xml:140:25-85
204            </intent-filter>
205        </receiver>
206
207        <activity
207-->[androidx.compose.ui:ui-tooling-android:1.7.6] AndroidManifest.xml:23:9-25:39
208            android:name="androidx.compose.ui.tooling.PreviewActivity"
208-->[androidx.compose.ui:ui-tooling-android:1.7.6] AndroidManifest.xml:24:13-71
209            android:exported="true" />
209-->[androidx.compose.ui:ui-tooling-android:1.7.6] AndroidManifest.xml:25:13-36
210
211        <service
211-->[com.google.android.datatransport:transport-backend-cct:2.3.3] AndroidManifest.xml:29:9-35:19
212            android:name="com.google.android.datatransport.runtime.backends.TransportBackendDiscovery"
212-->[com.google.android.datatransport:transport-backend-cct:2.3.3] AndroidManifest.xml:30:13-103
213            android:exported="false" >
213-->[com.google.android.datatransport:transport-backend-cct:2.3.3] AndroidManifest.xml:31:13-37
214            <meta-data
214-->[com.google.android.datatransport:transport-backend-cct:2.3.3] AndroidManifest.xml:32:13-34:39
215                android:name="backend:com.google.android.datatransport.cct.CctBackendFactory"
215-->[com.google.android.datatransport:transport-backend-cct:2.3.3] AndroidManifest.xml:33:17-94
216                android:value="cct" />
216-->[com.google.android.datatransport:transport-backend-cct:2.3.3] AndroidManifest.xml:34:17-36
217        </service>
218        <service
218-->[com.google.android.datatransport:transport-runtime:2.2.6] AndroidManifest.xml:26:9-30:19
219            android:name="com.google.android.datatransport.runtime.scheduling.jobscheduling.JobInfoSchedulerService"
219-->[com.google.android.datatransport:transport-runtime:2.2.6] AndroidManifest.xml:27:13-117
220            android:exported="false"
220-->[com.google.android.datatransport:transport-runtime:2.2.6] AndroidManifest.xml:28:13-37
221            android:permission="android.permission.BIND_JOB_SERVICE" >
221-->[com.google.android.datatransport:transport-runtime:2.2.6] AndroidManifest.xml:29:13-69
222        </service>
223
224        <receiver
224-->[com.google.android.datatransport:transport-runtime:2.2.6] AndroidManifest.xml:32:9-34:40
225            android:name="com.google.android.datatransport.runtime.scheduling.jobscheduling.AlarmManagerSchedulerBroadcastReceiver"
225-->[com.google.android.datatransport:transport-runtime:2.2.6] AndroidManifest.xml:33:13-132
226            android:exported="false" />
226-->[com.google.android.datatransport:transport-runtime:2.2.6] AndroidManifest.xml:34:13-37
227        <receiver
227-->[androidx.profileinstaller:profileinstaller:1.3.1] AndroidManifest.xml:34:9-52:20
228            android:name="androidx.profileinstaller.ProfileInstallReceiver"
228-->[androidx.profileinstaller:profileinstaller:1.3.1] AndroidManifest.xml:35:13-76
229            android:directBootAware="false"
229-->[androidx.profileinstaller:profileinstaller:1.3.1] AndroidManifest.xml:36:13-44
230            android:enabled="true"
230-->[androidx.profileinstaller:profileinstaller:1.3.1] AndroidManifest.xml:37:13-35
231            android:exported="true"
231-->[androidx.profileinstaller:profileinstaller:1.3.1] AndroidManifest.xml:38:13-36
232            android:permission="android.permission.DUMP" >
232-->[androidx.profileinstaller:profileinstaller:1.3.1] AndroidManifest.xml:39:13-57
233            <intent-filter>
233-->[androidx.profileinstaller:profileinstaller:1.3.1] AndroidManifest.xml:40:13-42:29
234                <action android:name="androidx.profileinstaller.action.INSTALL_PROFILE" />
234-->[androidx.profileinstaller:profileinstaller:1.3.1] AndroidManifest.xml:41:17-91
234-->[androidx.profileinstaller:profileinstaller:1.3.1] AndroidManifest.xml:41:25-88
235            </intent-filter>
236            <intent-filter>
236-->[androidx.profileinstaller:profileinstaller:1.3.1] AndroidManifest.xml:43:13-45:29
237                <action android:name="androidx.profileinstaller.action.SKIP_FILE" />
237-->[androidx.profileinstaller:profileinstaller:1.3.1] AndroidManifest.xml:44:17-85
237-->[androidx.profileinstaller:profileinstaller:1.3.1] AndroidManifest.xml:44:25-82
238            </intent-filter>
239            <intent-filter>
239-->[androidx.profileinstaller:profileinstaller:1.3.1] AndroidManifest.xml:46:13-48:29
240                <action android:name="androidx.profileinstaller.action.SAVE_PROFILE" />
240-->[androidx.profileinstaller:profileinstaller:1.3.1] AndroidManifest.xml:47:17-88
240-->[androidx.profileinstaller:profileinstaller:1.3.1] AndroidManifest.xml:47:25-85
241            </intent-filter>
242            <intent-filter>
242-->[androidx.profileinstaller:profileinstaller:1.3.1] AndroidManifest.xml:49:13-51:29
243                <action android:name="androidx.profileinstaller.action.BENCHMARK_OPERATION" />
243-->[androidx.profileinstaller:profileinstaller:1.3.1] AndroidManifest.xml:50:17-95
243-->[androidx.profileinstaller:profileinstaller:1.3.1] AndroidManifest.xml:50:25-92
244            </intent-filter>
245        </receiver>
246
247        <service
247-->[androidx.room:room-runtime:2.6.1] AndroidManifest.xml:24:9-28:63
248            android:name="androidx.room.MultiInstanceInvalidationService"
248-->[androidx.room:room-runtime:2.6.1] AndroidManifest.xml:25:13-74
249            android:directBootAware="true"
249-->[androidx.room:room-runtime:2.6.1] AndroidManifest.xml:26:13-43
250            android:exported="false" />
250-->[androidx.room:room-runtime:2.6.1] AndroidManifest.xml:27:13-37
251    </application>
252
253</manifest>